<?xml version="1.0" encoding="UTF-8"?>
<!-- Generated by org.testng.reporters.JUnitXMLReporter -->
<testsuite ignored="0" hostname="DESKTOP-HGRUTME" failures="0" tests="5" name="Default test" time="100.599" errors="0" timestamp="05 Jul 2020 06:16:50 GMT">
  <testcase classname="chromeGrid.GridChromeParallalTest" name="Test1" time="19.675"/>
  <testcase classname="chromeGrid.GridChromeParallalTest" name="Test2" time="14.957"/>
  <testcase classname="chromeGrid.GridChromeParallalTest" name="Test3" time="16.823"/>
  <testcase classname="chromeGrid.GridChromeParallalTest" name="Test4" time="16.936"/>
  <testcase classname="chromeGrid.GridChromeParallalTest" name="Test5" time="32.064"/>
</testsuite> <!-- Default test -->
