<?xml version="1.0" encoding="UTF-8"?>
<testng-results ignored="0" total="5" passed="5" failed="0" skipped="0">
  <reporter-output>
  </reporter-output>
  <suite started-at="2020-07-05T06:52:16Z" name="Selenium Grid" finished-at="2020-07-05T06:53:18Z" duration-ms="61798">
    <groups>
    </groups>
    <test started-at="2020-07-05T06:52:16Z" name="Test" finished-at="2020-07-05T06:53:18Z" duration-ms="61798">
      <class name="chromeGrid.GridChromeParallalTest">
        <test-method signature="Test4()[pri:0, instance:chromeGrid.GridChromeParallalTest@37911f88]" started-at="2020-07-05T06:52:16Z" name="Test4" finished-at="2020-07-05T06:52:49Z" duration-ms="32838" status="PASS">
          <reporter-output>
          </reporter-output>
        </test-method> <!-- Test4 -->
        <test-method signature="Test1()[pri:0, instance:chromeGrid.GridChromeParallalTest@37911f88]" started-at="2020-07-05T06:52:16Z" name="Test1" finished-at="2020-07-05T06:52:51Z" duration-ms="34933" status="PASS">
          <reporter-output>
          </reporter-output>
        </test-method> <!-- Test1 -->
        <test-method signature="Test2()[pri:0, instance:chromeGrid.GridChromeParallalTest@37911f88]" started-at="2020-07-05T06:52:16Z" name="Test2" finished-at="2020-07-05T06:52:47Z" duration-ms="30983" status="PASS">
          <reporter-output>
          </reporter-output>
        </test-method> <!-- Test2 -->
        <test-method signature="Test3()[pri:0, instance:chromeGrid.GridChromeParallalTest@37911f88]" started-at="2020-07-05T06:52:16Z" name="Test3" finished-at="2020-07-05T06:53:01Z" duration-ms="44841" status="PASS">
          <reporter-output>
          </reporter-output>
        </test-method> <!-- Test3 -->
        <test-method signature="Test5()[pri:0, instance:chromeGrid.GridChromeParallalTest@37911f88]" started-at="2020-07-05T06:52:16Z" name="Test5" finished-at="2020-07-05T06:53:18Z" duration-ms="61657" status="PASS">
          <reporter-output>
          </reporter-output>
        </test-method> <!-- Test5 -->
      </class> <!-- chromeGrid.GridChromeParallalTest -->
    </test> <!-- Test -->
  </suite> <!-- Selenium Grid -->
</testng-results>
